[debug] [2017-08-06T08:07:08.885Z] ----------------------------------------------------------------------
[debug] [2017-08-06T08:07:08.885Z] Command:       C:\Program Files\nodejs\node.exe C:\Users\MANIKANTA\AppData\Roaming\npm\node_modules\firebase-tools\bin\firebase serve -p 8081
[debug] [2017-08-06T08:07:08.885Z] CLI Version:   3.9.2
[debug] [2017-08-06T08:07:08.885Z] Platform:      win32
[debug] [2017-08-06T08:07:08.885Z] Node Version:  v6.10.1
[debug] [2017-08-06T08:07:08.885Z] Time:          Sun Aug 06 2017 13:37:08 GMT+0530 (India Standard Time)
[debug] [2017-08-06T08:07:08.885Z] ----------------------------------------------------------------------
[debug] 
[debug] [2017-08-06T08:07:08.901Z] > command requires scopes: ["email","openid","https://www.googleapis.com/auth/cloudplatformprojects.readonly","https://www.googleapis.com/auth/firebase","https://www.googleapis.com/auth/cloud-platform"]
[debug] [2017-08-06T08:07:08.901Z] > authorizing via signed-in user
[debug] [2017-08-06T08:07:08.916Z] >>> HTTP REQUEST GET https://admin.firebase.com/v1/projects/webtestmani-2da07  
 Sun Aug 06 2017 13:37:08 GMT+0530 (India Standard Time)
[debug] [2017-08-06T08:07:10.450Z] <<< HTTP RESPONSE 200
[debug] [2017-08-06T08:07:10.450Z] >>> HTTP REQUEST GET https://admin.firebase.com/v1/database/webtestmani-2da07/tokens  
 Sun Aug 06 2017 13:37:10 GMT+0530 (India Standard Time)
[debug] [2017-08-06T08:07:11.451Z] <<< HTTP RESPONSE 200
[info] 
[info] === Serving from 'G:\web_dev\fb\quickstart-js\storage'...
[info] 
[debug] [2017-08-06T08:07:11.451Z] >>> HTTP REQUEST GET https://cloudresourcemanager.googleapis.com/v1/projects/webtestmani-2da07  
 Sun Aug 06 2017 13:37:11 GMT+0530 (India Standard Time)
[debug] [2017-08-06T08:07:12.949Z] <<< HTTP RESPONSE 200
[debug] [2017-08-06T08:07:12.949Z] >>> HTTP REQUEST GET https://mobilesdk-pa.googleapis.com/v1/projects/623260837415/clients/_:getWebAppConfig  
 Sun Aug 06 2017 13:37:12 GMT+0530 (India Standard Time)
[debug] [2017-08-06T08:07:13.834Z] <<< HTTP RESPONSE 200
[info] i  hosting: Serving hosting files from: ./
[info] +  hosting: Local server: http://localhost:8081

